Determining if the pthread_create exist failed with the following output:
Change Dir: /home/doozkawa/Bureau/these/source/treelogdefectsegmentation/build/CMakeFiles/CMakeTmp

Run Build Command:"/usr/bin/make" "cmTC_4730e/fast"
/usr/bin/make -f CMakeFiles/cmTC_4730e.dir/build.make CMakeFiles/cmTC_4730e.dir/build
make[1] : on entre dans le répertoire « /home/doozkawa/Bureau/these/source/treelogdefectsegmentation/build/CMakeFiles/CMakeTmp »
Building C object CMakeFiles/cmTC_4730e.dir/CheckSymbolExists.c.o
/usr/bin/cc    -o CMakeFiles/cmTC_4730e.dir/CheckSymbolExists.c.o   -c /home/doozkawa/Bureau/these/source/treelogdefectsegmentation/build/CMakeFiles/CMakeTmp/CheckSymbolExists.c
Linking C executable cmTC_4730e
/usr/bin/cmake -E cmake_link_script CMakeFiles/cmTC_4730e.dir/link.txt --verbose=1
/usr/bin/cc      -rdynamic CMakeFiles/cmTC_4730e.dir/CheckSymbolExists.c.o  -o cmTC_4730e 
CMakeFiles/cmTC_4730e.dir/CheckSymbolExists.c.o : Dans la fonction « main » :
CheckSymbolExists.c:(.text+0x1b) : référence indéfinie vers « pthread_create »
collect2: error: ld returned 1 exit status
CMakeFiles/cmTC_4730e.dir/build.make:97: recipe for target 'cmTC_4730e' failed
make[1]: *** [cmTC_4730e] Error 1
make[1] : on quitte le répertoire « /home/doozkawa/Bureau/these/source/treelogdefectsegmentation/build/CMakeFiles/CMakeTmp »
Makefile:126: recipe for target 'cmTC_4730e/fast' failed
make: *** [cmTC_4730e/fast] Error 2

File /home/doozkawa/Bureau/these/source/treelogdefectsegmentation/build/CMakeFiles/CMakeTmp/CheckSymbolExists.c:
/* */
#include <pthread.h>

int main(int argc, char** argv)
{
  (void)argv;
#ifndef pthread_create
  return ((int*)(&pthread_create))[argc];
#else
  (void)argc;
  return 0;
#endif
}

Determining if the function pthread_create exists in the pthreads failed with the following output:
Change Dir: /home/doozkawa/Bureau/these/source/treelogdefectsegmentation/build/CMakeFiles/CMakeTmp

Run Build Command:"/usr/bin/make" "cmTC_66a59/fast"
/usr/bin/make -f CMakeFiles/cmTC_66a59.dir/build.make CMakeFiles/cmTC_66a59.dir/build
make[1] : on entre dans le répertoire « /home/doozkawa/Bureau/these/source/treelogdefectsegmentation/build/CMakeFiles/CMakeTmp »
Building C object CMakeFiles/cmTC_66a59.dir/CheckFunctionExists.c.o
/usr/bin/cc   -DCHECK_FUNCTION_EXISTS=pthread_create   -o CMakeFiles/cmTC_66a59.dir/CheckFunctionExists.c.o   -c /usr/share/cmake-3.10/Modules/CheckFunctionExists.c
Linking C executable cmTC_66a59
/usr/bin/cmake -E cmake_link_script CMakeFiles/cmTC_66a59.dir/link.txt --verbose=1
/usr/bin/cc  -DCHECK_FUNCTION_EXISTS=pthread_create    -rdynamic CMakeFiles/cmTC_66a59.dir/CheckFunctionExists.c.o  -o cmTC_66a59 -lpthreads 
/usr/bin/ld : ne peut trouver -lpthreads
collect2: error: ld returned 1 exit status
CMakeFiles/cmTC_66a59.dir/build.make:97: recipe for target 'cmTC_66a59' failed
make[1]: *** [cmTC_66a59] Error 1
make[1] : on quitte le répertoire « /home/doozkawa/Bureau/these/source/treelogdefectsegmentation/build/CMakeFiles/CMakeTmp »
Makefile:126: recipe for target 'cmTC_66a59/fast' failed
make: *** [cmTC_66a59/fast] Error 2


